1749650208: mosquitto version 2.0.21 starting
1749650208: Config loaded from C:\Users\tergl\Desktop\School Repos\UI-projekt---Upravljanje-z-gestami\Končen_Projekt\Backend\mosquitto\config\mosquitto.conf.
1749650208: Opening ipv4 listen socket on port 1883.
1749650208: mosquitto version 2.0.21 running
1749650416: New connection from 127.0.0.1:57318 on port 1883.
1749650416: New client connected from 127.0.0.1:57318 as auto-E71FB13F-60D9-91A5-DCD0-D10E82D940A4 (p2, c1, k60).
1749650416: No will message specified.
1749650416: Sending CONNACK to auto-E71FB13F-60D9-91A5-DCD0-D10E82D940A4 (0, 0)
1749650416: Received PUBLISH from auto-E71FB13F-60D9-91A5-DCD0-D10E82D940A4 (d0, q0, r0, m0, 'test/topic', ... (12 bytes))
1749650416: Received DISCONNECT from auto-E71FB13F-60D9-91A5-DCD0-D10E82D940A4
1749650416: Client auto-E71FB13F-60D9-91A5-DCD0-D10E82D940A4 disconnected.
1749650450: New connection from 10.147.20.65:57348 on port 1883.
1749650450: New client connected from 10.147.20.65:57348 as auto-D7007CCF-F583-A114-A65A-9A08DE81B321 (p2, c1, k60).
1749650450: No will message specified.
1749650450: Sending CONNACK to auto-D7007CCF-F583-A114-A65A-9A08DE81B321 (0, 0)
1749650450: Received PUBLISH from auto-D7007CCF-F583-A114-A65A-9A08DE81B321 (d0, q0, r0, m0, 'test/topic', ... (15 bytes))
1749650450: Received DISCONNECT from auto-D7007CCF-F583-A114-A65A-9A08DE81B321
1749650450: Client auto-D7007CCF-F583-A114-A65A-9A08DE81B321 disconnected.
1749650463: New connection from 10.147.20.65:57363 on port 1883.
1749650463: New client connected from 10.147.20.65:57363 as auto-38DD6556-DAE9-CC8D-C32E-C9A02A5C9445 (p2, c1, k60).
1749650463: No will message specified.
1749650463: Sending CONNACK to auto-38DD6556-DAE9-CC8D-C32E-C9A02A5C9445 (0, 0)
1749650463: Received SUBSCRIBE from auto-38DD6556-DAE9-CC8D-C32E-C9A02A5C9445
1749650463: 	test/topic (QoS 0)
1749650463: auto-38DD6556-DAE9-CC8D-C32E-C9A02A5C9445 0 test/topic
1749650463: Sending SUBACK to auto-38DD6556-DAE9-CC8D-C32E-C9A02A5C9445
1749650469: New connection from 10.147.20.65:57372 on port 1883.
1749650469: New client connected from 10.147.20.65:57372 as auto-15F73B7F-0FC5-DA43-FE2B-F00DF937DF87 (p2, c1, k60).
1749650469: No will message specified.
1749650469: Sending CONNACK to auto-15F73B7F-0FC5-DA43-FE2B-F00DF937DF87 (0, 0)
1749650469: Received PUBLISH from auto-15F73B7F-0FC5-DA43-FE2B-F00DF937DF87 (d0, q0, r0, m0, 'test/topic', ... (15 bytes))
1749650469: Sending PUBLISH to auto-38DD6556-DAE9-CC8D-C32E-C9A02A5C9445 (d0, q0, r0, m0, 'test/topic', ... (15 bytes))
1749650469: Received DISCONNECT from auto-15F73B7F-0FC5-DA43-FE2B-F00DF937DF87
1749650469: Client auto-15F73B7F-0FC5-DA43-FE2B-F00DF937DF87 disconnected.
1749650477: New connection from 10.147.20.65:57381 on port 1883.
1749650477: New client connected from 10.147.20.65:57381 as auto-740E6879-8578-8E4E-F255-00A00F072F97 (p2, c1, k60).
1749650477: No will message specified.
1749650477: Sending CONNACK to auto-740E6879-8578-8E4E-F255-00A00F072F97 (0, 0)
1749650477: Received PUBLISH from auto-740E6879-8578-8E4E-F255-00A00F072F97 (d0, q0, r0, m0, 'test/topic', ... (15 bytes))
1749650477: Sending PUBLISH to auto-38DD6556-DAE9-CC8D-C32E-C9A02A5C9445 (d0, q0, r0, m0, 'test/topic', ... (15 bytes))
1749650477: Received DISCONNECT from auto-740E6879-8578-8E4E-F255-00A00F072F97
1749650477: Client auto-740E6879-8578-8E4E-F255-00A00F072F97 disconnected.
1749650478: New connection from 10.147.20.65:57384 on port 1883.
1749650478: New client connected from 10.147.20.65:57384 as auto-2F2181D2-9D1E-0980-82AF-D69B4F86CF56 (p2, c1, k60).
1749650478: No will message specified.
1749650478: Sending CONNACK to auto-2F2181D2-9D1E-0980-82AF-D69B4F86CF56 (0, 0)
1749650478: Received PUBLISH from auto-2F2181D2-9D1E-0980-82AF-D69B4F86CF56 (d0, q0, r0, m0, 'test/topic', ... (15 bytes))
1749650478: Sending PUBLISH to auto-38DD6556-DAE9-CC8D-C32E-C9A02A5C9445 (d0, q0, r0, m0, 'test/topic', ... (15 bytes))
1749650478: Received DISCONNECT from auto-2F2181D2-9D1E-0980-82AF-D69B4F86CF56
1749650478: Client auto-2F2181D2-9D1E-0980-82AF-D69B4F86CF56 disconnected.
1749650480: New connection from 10.147.20.65:57389 on port 1883.
1749650480: New client connected from 10.147.20.65:57389 as auto-AA83278C-D35A-63B1-BED8-A22F9FCDB2A9 (p2, c1, k60).
1749650480: No will message specified.
1749650480: Sending CONNACK to auto-AA83278C-D35A-63B1-BED8-A22F9FCDB2A9 (0, 0)
1749650480: Received PUBLISH from auto-AA83278C-D35A-63B1-BED8-A22F9FCDB2A9 (d0, q0, r0, m0, 'test/topic', ... (15 bytes))
1749650480: Sending PUBLISH to auto-38DD6556-DAE9-CC8D-C32E-C9A02A5C9445 (d0, q0, r0, m0, 'test/topic', ... (15 bytes))
1749650480: Received DISCONNECT from auto-AA83278C-D35A-63B1-BED8-A22F9FCDB2A9
1749650480: Client auto-AA83278C-D35A-63B1-BED8-A22F9FCDB2A9 disconnected.
1749650483: New connection from 10.147.20.65:57396 on port 1883.
1749650483: New client connected from 10.147.20.65:57396 as auto-EE367823-8833-9A6B-F2B5-785181242B1A (p2, c1, k60).
1749650483: No will message specified.
1749650483: Sending CONNACK to auto-EE367823-8833-9A6B-F2B5-785181242B1A (0, 0)
1749650483: Received PUBLISH from auto-EE367823-8833-9A6B-F2B5-785181242B1A (d0, q0, r0, m0, 'test/topic', ... (21 bytes))
1749650483: Sending PUBLISH to auto-38DD6556-DAE9-CC8D-C32E-C9A02A5C9445 (d0, q0, r0, m0, 'test/topic', ... (21 bytes))
1749650483: Received DISCONNECT from auto-EE367823-8833-9A6B-F2B5-785181242B1A
1749650483: Client auto-EE367823-8833-9A6B-F2B5-785181242B1A disconnected.
1749650524: Received PINGREQ from auto-38DD6556-DAE9-CC8D-C32E-C9A02A5C9445
1749650524: Sending PINGRESP to auto-38DD6556-DAE9-CC8D-C32E-C9A02A5C9445
1749650583: Received PINGREQ from auto-38DD6556-DAE9-CC8D-C32E-C9A02A5C9445
1749650583: Sending PINGRESP to auto-38DD6556-DAE9-CC8D-C32E-C9A02A5C9445
1749650644: Received PINGREQ from auto-38DD6556-DAE9-CC8D-C32E-C9A02A5C9445
1749650644: Sending PINGRESP to auto-38DD6556-DAE9-CC8D-C32E-C9A02A5C9445
1749650703: Received PINGREQ from auto-38DD6556-DAE9-CC8D-C32E-C9A02A5C9445
1749650703: Sending PINGRESP to auto-38DD6556-DAE9-CC8D-C32E-C9A02A5C9445
1749650764: Received PINGREQ from auto-38DD6556-DAE9-CC8D-C32E-C9A02A5C9445
1749650764: Sending PINGRESP to auto-38DD6556-DAE9-CC8D-C32E-C9A02A5C9445
1749650823: Received PINGREQ from auto-38DD6556-DAE9-CC8D-C32E-C9A02A5C9445
1749650823: Sending PINGRESP to auto-38DD6556-DAE9-CC8D-C32E-C9A02A5C9445
1749650884: Received PINGREQ from auto-38DD6556-DAE9-CC8D-C32E-C9A02A5C9445
1749650884: Sending PINGRESP to auto-38DD6556-DAE9-CC8D-C32E-C9A02A5C9445
1749650943: Received PINGREQ from auto-38DD6556-DAE9-CC8D-C32E-C9A02A5C9445
1749650943: Sending PINGRESP to auto-38DD6556-DAE9-CC8D-C32E-C9A02A5C9445
1749651003: Received PINGREQ from auto-38DD6556-DAE9-CC8D-C32E-C9A02A5C9445
1749651003: Sending PINGRESP to auto-38DD6556-DAE9-CC8D-C32E-C9A02A5C9445
1749651063: Received PINGREQ from auto-38DD6556-DAE9-CC8D-C32E-C9A02A5C9445
1749651063: Sending PINGRESP to auto-38DD6556-DAE9-CC8D-C32E-C9A02A5C9445
1749651123: Received PINGREQ from auto-38DD6556-DAE9-CC8D-C32E-C9A02A5C9445
1749651123: Sending PINGRESP to auto-38DD6556-DAE9-CC8D-C32E-C9A02A5C9445
1749651183: Received PINGREQ from auto-38DD6556-DAE9-CC8D-C32E-C9A02A5C9445
1749651183: Sending PINGRESP to auto-38DD6556-DAE9-CC8D-C32E-C9A02A5C9445
1749651243: Received PINGREQ from auto-38DD6556-DAE9-CC8D-C32E-C9A02A5C9445
1749651243: Sending PINGRESP to auto-38DD6556-DAE9-CC8D-C32E-C9A02A5C9445
1749651303: Received PINGREQ from auto-38DD6556-DAE9-CC8D-C32E-C9A02A5C9445
1749651303: Sending PINGRESP to auto-38DD6556-DAE9-CC8D-C32E-C9A02A5C9445
1749651363: Received PINGREQ from auto-38DD6556-DAE9-CC8D-C32E-C9A02A5C9445
1749651363: Sending PINGRESP to auto-38DD6556-DAE9-CC8D-C32E-C9A02A5C9445
1749651423: Received PINGREQ from auto-38DD6556-DAE9-CC8D-C32E-C9A02A5C9445
1749651423: Sending PINGRESP to auto-38DD6556-DAE9-CC8D-C32E-C9A02A5C9445
1749651483: Received PINGREQ from auto-38DD6556-DAE9-CC8D-C32E-C9A02A5C9445
1749651483: Sending PINGRESP to auto-38DD6556-DAE9-CC8D-C32E-C9A02A5C9445
1749651543: Received PINGREQ from auto-38DD6556-DAE9-CC8D-C32E-C9A02A5C9445
1749651543: Sending PINGRESP to auto-38DD6556-DAE9-CC8D-C32E-C9A02A5C9445
1749651603: Received PINGREQ from auto-38DD6556-DAE9-CC8D-C32E-C9A02A5C9445
1749651603: Sending PINGRESP to auto-38DD6556-DAE9-CC8D-C32E-C9A02A5C9445
1749651664: Received PINGREQ from auto-38DD6556-DAE9-CC8D-C32E-C9A02A5C9445
1749651664: Sending PINGRESP to auto-38DD6556-DAE9-CC8D-C32E-C9A02A5C9445
1749651723: Received PINGREQ from auto-38DD6556-DAE9-CC8D-C32E-C9A02A5C9445
1749651723: Sending PINGRESP to auto-38DD6556-DAE9-CC8D-C32E-C9A02A5C9445
1749651784: Received PINGREQ from auto-38DD6556-DAE9-CC8D-C32E-C9A02A5C9445
1749651784: Sending PINGRESP to auto-38DD6556-DAE9-CC8D-C32E-C9A02A5C9445
1749651843: Received PINGREQ from auto-38DD6556-DAE9-CC8D-C32E-C9A02A5C9445
1749651843: Sending PINGRESP to auto-38DD6556-DAE9-CC8D-C32E-C9A02A5C9445
1749651904: Received PINGREQ from auto-38DD6556-DAE9-CC8D-C32E-C9A02A5C9445
1749651904: Sending PINGRESP to auto-38DD6556-DAE9-CC8D-C32E-C9A02A5C9445
1749651963: Received PINGREQ from auto-38DD6556-DAE9-CC8D-C32E-C9A02A5C9445
1749651963: Sending PINGRESP to auto-38DD6556-DAE9-CC8D-C32E-C9A02A5C9445
1749652024: Received PINGREQ from auto-38DD6556-DAE9-CC8D-C32E-C9A02A5C9445
1749652024: Sending PINGRESP to auto-38DD6556-DAE9-CC8D-C32E-C9A02A5C9445
1749652083: Received PINGREQ from auto-38DD6556-DAE9-CC8D-C32E-C9A02A5C9445
1749652083: Sending PINGRESP to auto-38DD6556-DAE9-CC8D-C32E-C9A02A5C9445
1749652144: Received PINGREQ from auto-38DD6556-DAE9-CC8D-C32E-C9A02A5C9445
1749652144: Sending PINGRESP to auto-38DD6556-DAE9-CC8D-C32E-C9A02A5C9445
1749652203: Received PINGREQ from auto-38DD6556-DAE9-CC8D-C32E-C9A02A5C9445
1749652203: Sending PINGRESP to auto-38DD6556-DAE9-CC8D-C32E-C9A02A5C9445
1749652264: Received PINGREQ from auto-38DD6556-DAE9-CC8D-C32E-C9A02A5C9445
1749652264: Sending PINGRESP to auto-38DD6556-DAE9-CC8D-C32E-C9A02A5C9445
1749652323: Received PINGREQ from auto-38DD6556-DAE9-CC8D-C32E-C9A02A5C9445
1749652323: Sending PINGRESP to auto-38DD6556-DAE9-CC8D-C32E-C9A02A5C9445
1749652384: Received PINGREQ from auto-38DD6556-DAE9-CC8D-C32E-C9A02A5C9445
1749652384: Sending PINGRESP to auto-38DD6556-DAE9-CC8D-C32E-C9A02A5C9445
1749652443: Received PINGREQ from auto-38DD6556-DAE9-CC8D-C32E-C9A02A5C9445
1749652443: Sending PINGRESP to auto-38DD6556-DAE9-CC8D-C32E-C9A02A5C9445
1749652504: Received PINGREQ from auto-38DD6556-DAE9-CC8D-C32E-C9A02A5C9445
1749652504: Sending PINGRESP to auto-38DD6556-DAE9-CC8D-C32E-C9A02A5C9445
1749652563: Received PINGREQ from auto-38DD6556-DAE9-CC8D-C32E-C9A02A5C9445
1749652563: Sending PINGRESP to auto-38DD6556-DAE9-CC8D-C32E-C9A02A5C9445
1749652623: Received PINGREQ from auto-38DD6556-DAE9-CC8D-C32E-C9A02A5C9445
1749652623: Sending PINGRESP to auto-38DD6556-DAE9-CC8D-C32E-C9A02A5C9445
1749652683: Received PINGREQ from auto-38DD6556-DAE9-CC8D-C32E-C9A02A5C9445
1749652683: Sending PINGRESP to auto-38DD6556-DAE9-CC8D-C32E-C9A02A5C9445
1749652743: Received PINGREQ from auto-38DD6556-DAE9-CC8D-C32E-C9A02A5C9445
1749652743: Sending PINGRESP to auto-38DD6556-DAE9-CC8D-C32E-C9A02A5C9445
1749652804: Received PINGREQ from auto-38DD6556-DAE9-CC8D-C32E-C9A02A5C9445
1749652804: Sending PINGRESP to auto-38DD6556-DAE9-CC8D-C32E-C9A02A5C9445
1749652864: Received PINGREQ from auto-38DD6556-DAE9-CC8D-C32E-C9A02A5C9445
1749652864: Sending PINGRESP to auto-38DD6556-DAE9-CC8D-C32E-C9A02A5C9445
1749652924: Received PINGREQ from auto-38DD6556-DAE9-CC8D-C32E-C9A02A5C9445
1749652924: Sending PINGRESP to auto-38DD6556-DAE9-CC8D-C32E-C9A02A5C9445
1749652984: Received PINGREQ from auto-38DD6556-DAE9-CC8D-C32E-C9A02A5C9445
1749652984: Sending PINGRESP to auto-38DD6556-DAE9-CC8D-C32E-C9A02A5C9445
1749653044: Received PINGREQ from auto-38DD6556-DAE9-CC8D-C32E-C9A02A5C9445
1749653044: Sending PINGRESP to auto-38DD6556-DAE9-CC8D-C32E-C9A02A5C9445
1749653104: Received PINGREQ from auto-38DD6556-DAE9-CC8D-C32E-C9A02A5C9445
1749653104: Sending PINGRESP to auto-38DD6556-DAE9-CC8D-C32E-C9A02A5C9445
1749653164: Received PINGREQ from auto-38DD6556-DAE9-CC8D-C32E-C9A02A5C9445
1749653164: Sending PINGRESP to auto-38DD6556-DAE9-CC8D-C32E-C9A02A5C9445
1749653224: Received PINGREQ from auto-38DD6556-DAE9-CC8D-C32E-C9A02A5C9445
1749653224: Sending PINGRESP to auto-38DD6556-DAE9-CC8D-C32E-C9A02A5C9445
1749653284: Received PINGREQ from auto-38DD6556-DAE9-CC8D-C32E-C9A02A5C9445
1749653284: Sending PINGRESP to auto-38DD6556-DAE9-CC8D-C32E-C9A02A5C9445
1749653344: Received PINGREQ from auto-38DD6556-DAE9-CC8D-C32E-C9A02A5C9445
1749653344: Sending PINGRESP to auto-38DD6556-DAE9-CC8D-C32E-C9A02A5C9445
1749653404: Received PINGREQ from auto-38DD6556-DAE9-CC8D-C32E-C9A02A5C9445
1749653404: Sending PINGRESP to auto-38DD6556-DAE9-CC8D-C32E-C9A02A5C9445
1749653464: Received PINGREQ from auto-38DD6556-DAE9-CC8D-C32E-C9A02A5C9445
1749653464: Sending PINGRESP to auto-38DD6556-DAE9-CC8D-C32E-C9A02A5C9445
1749653524: Received PINGREQ from auto-38DD6556-DAE9-CC8D-C32E-C9A02A5C9445
1749653524: Sending PINGRESP to auto-38DD6556-DAE9-CC8D-C32E-C9A02A5C9445
1749653584: Received PINGREQ from auto-38DD6556-DAE9-CC8D-C32E-C9A02A5C9445
1749653584: Sending PINGRESP to auto-38DD6556-DAE9-CC8D-C32E-C9A02A5C9445
1749653645: Received PINGREQ from auto-38DD6556-DAE9-CC8D-C32E-C9A02A5C9445
1749653645: Sending PINGRESP to auto-38DD6556-DAE9-CC8D-C32E-C9A02A5C9445
1749653704: Received PINGREQ from auto-38DD6556-DAE9-CC8D-C32E-C9A02A5C9445
1749653704: Sending PINGRESP to auto-38DD6556-DAE9-CC8D-C32E-C9A02A5C9445
1749653765: Received PINGREQ from auto-38DD6556-DAE9-CC8D-C32E-C9A02A5C9445
1749653765: Sending PINGRESP to auto-38DD6556-DAE9-CC8D-C32E-C9A02A5C9445
1749653824: Received PINGREQ from auto-38DD6556-DAE9-CC8D-C32E-C9A02A5C9445
1749653824: Sending PINGRESP to auto-38DD6556-DAE9-CC8D-C32E-C9A02A5C9445
1749653885: Received PINGREQ from auto-38DD6556-DAE9-CC8D-C32E-C9A02A5C9445
1749653885: Sending PINGRESP to auto-38DD6556-DAE9-CC8D-C32E-C9A02A5C9445
1749653944: Received PINGREQ from auto-38DD6556-DAE9-CC8D-C32E-C9A02A5C9445
1749653944: Sending PINGRESP to auto-38DD6556-DAE9-CC8D-C32E-C9A02A5C9445
1749654005: Received PINGREQ from auto-38DD6556-DAE9-CC8D-C32E-C9A02A5C9445
1749654005: Sending PINGRESP to auto-38DD6556-DAE9-CC8D-C32E-C9A02A5C9445
1749654064: Received PINGREQ from auto-38DD6556-DAE9-CC8D-C32E-C9A02A5C9445
1749654064: Sending PINGRESP to auto-38DD6556-DAE9-CC8D-C32E-C9A02A5C9445
1749654124: Received PINGREQ from auto-38DD6556-DAE9-CC8D-C32E-C9A02A5C9445
1749654124: Sending PINGRESP to auto-38DD6556-DAE9-CC8D-C32E-C9A02A5C9445
1749654185: Received PINGREQ from auto-38DD6556-DAE9-CC8D-C32E-C9A02A5C9445
1749654185: Sending PINGRESP to auto-38DD6556-DAE9-CC8D-C32E-C9A02A5C9445
1749654244: Received PINGREQ from auto-38DD6556-DAE9-CC8D-C32E-C9A02A5C9445
1749654244: Sending PINGRESP to auto-38DD6556-DAE9-CC8D-C32E-C9A02A5C9445
1749654305: Received PINGREQ from auto-38DD6556-DAE9-CC8D-C32E-C9A02A5C9445
1749654305: Sending PINGRESP to auto-38DD6556-DAE9-CC8D-C32E-C9A02A5C9445
1749654364: Received PINGREQ from auto-38DD6556-DAE9-CC8D-C32E-C9A02A5C9445
1749654364: Sending PINGRESP to auto-38DD6556-DAE9-CC8D-C32E-C9A02A5C9445
1749654424: Received PINGREQ from auto-38DD6556-DAE9-CC8D-C32E-C9A02A5C9445
1749654424: Sending PINGRESP to auto-38DD6556-DAE9-CC8D-C32E-C9A02A5C9445
1749654484: Received PINGREQ from auto-38DD6556-DAE9-CC8D-C32E-C9A02A5C9445
1749654484: Sending PINGRESP to auto-38DD6556-DAE9-CC8D-C32E-C9A02A5C9445
1749654544: Received PINGREQ from auto-38DD6556-DAE9-CC8D-C32E-C9A02A5C9445
1749654544: Sending PINGRESP to auto-38DD6556-DAE9-CC8D-C32E-C9A02A5C9445
1749654605: Received PINGREQ from auto-38DD6556-DAE9-CC8D-C32E-C9A02A5C9445
1749654605: Sending PINGRESP to auto-38DD6556-DAE9-CC8D-C32E-C9A02A5C9445
1749654664: Received PINGREQ from auto-38DD6556-DAE9-CC8D-C32E-C9A02A5C9445
1749654664: Sending PINGRESP to auto-38DD6556-DAE9-CC8D-C32E-C9A02A5C9445
1749654725: Received PINGREQ from auto-38DD6556-DAE9-CC8D-C32E-C9A02A5C9445
1749654725: Sending PINGRESP to auto-38DD6556-DAE9-CC8D-C32E-C9A02A5C9445
1749654784: Received PINGREQ from auto-38DD6556-DAE9-CC8D-C32E-C9A02A5C9445
1749654784: Sending PINGRESP to auto-38DD6556-DAE9-CC8D-C32E-C9A02A5C9445
1749654844: Received PINGREQ from auto-38DD6556-DAE9-CC8D-C32E-C9A02A5C9445
1749654844: Sending PINGRESP to auto-38DD6556-DAE9-CC8D-C32E-C9A02A5C9445
1749654904: Received PINGREQ from auto-38DD6556-DAE9-CC8D-C32E-C9A02A5C9445
1749654904: Sending PINGRESP to auto-38DD6556-DAE9-CC8D-C32E-C9A02A5C9445
1749654964: Received PINGREQ from auto-38DD6556-DAE9-CC8D-C32E-C9A02A5C9445
1749654964: Sending PINGRESP to auto-38DD6556-DAE9-CC8D-C32E-C9A02A5C9445
1749655025: Received PINGREQ from auto-38DD6556-DAE9-CC8D-C32E-C9A02A5C9445
1749655025: Sending PINGRESP to auto-38DD6556-DAE9-CC8D-C32E-C9A02A5C9445
1749655084: Received PINGREQ from auto-38DD6556-DAE9-CC8D-C32E-C9A02A5C9445
1749655084: Sending PINGRESP to auto-38DD6556-DAE9-CC8D-C32E-C9A02A5C9445
1749655145: Received PINGREQ from auto-38DD6556-DAE9-CC8D-C32E-C9A02A5C9445
1749655145: Sending PINGRESP to auto-38DD6556-DAE9-CC8D-C32E-C9A02A5C9445
1749655204: Received PINGREQ from auto-38DD6556-DAE9-CC8D-C32E-C9A02A5C9445
1749655204: Sending PINGRESP to auto-38DD6556-DAE9-CC8D-C32E-C9A02A5C9445
1749655264: Received PINGREQ from auto-38DD6556-DAE9-CC8D-C32E-C9A02A5C9445
1749655264: Sending PINGRESP to auto-38DD6556-DAE9-CC8D-C32E-C9A02A5C9445
1749655325: Received PINGREQ from auto-38DD6556-DAE9-CC8D-C32E-C9A02A5C9445
1749655325: Sending PINGRESP to auto-38DD6556-DAE9-CC8D-C32E-C9A02A5C9445
1749655384: Received PINGREQ from auto-38DD6556-DAE9-CC8D-C32E-C9A02A5C9445
1749655384: Sending PINGRESP to auto-38DD6556-DAE9-CC8D-C32E-C9A02A5C9445
1749655445: Received PINGREQ from auto-38DD6556-DAE9-CC8D-C32E-C9A02A5C9445
1749655445: Sending PINGRESP to auto-38DD6556-DAE9-CC8D-C32E-C9A02A5C9445
1749655504: Received PINGREQ from auto-38DD6556-DAE9-CC8D-C32E-C9A02A5C9445
1749655504: Sending PINGRESP to auto-38DD6556-DAE9-CC8D-C32E-C9A02A5C9445
1749655564: Received PINGREQ from auto-38DD6556-DAE9-CC8D-C32E-C9A02A5C9445
1749655564: Sending PINGRESP to auto-38DD6556-DAE9-CC8D-C32E-C9A02A5C9445
1749655625: Received PINGREQ from auto-38DD6556-DAE9-CC8D-C32E-C9A02A5C9445
1749655625: Sending PINGRESP to auto-38DD6556-DAE9-CC8D-C32E-C9A02A5C9445
1749655684: Received PINGREQ from auto-38DD6556-DAE9-CC8D-C32E-C9A02A5C9445
1749655684: Sending PINGRESP to auto-38DD6556-DAE9-CC8D-C32E-C9A02A5C9445
1749655745: Received PINGREQ from auto-38DD6556-DAE9-CC8D-C32E-C9A02A5C9445
1749655745: Sending PINGRESP to auto-38DD6556-DAE9-CC8D-C32E-C9A02A5C9445
1749655804: Received PINGREQ from auto-38DD6556-DAE9-CC8D-C32E-C9A02A5C9445
1749655804: Sending PINGRESP to auto-38DD6556-DAE9-CC8D-C32E-C9A02A5C9445
1749655865: Received PINGREQ from auto-38DD6556-DAE9-CC8D-C32E-C9A02A5C9445
1749655865: Sending PINGRESP to auto-38DD6556-DAE9-CC8D-C32E-C9A02A5C9445
1749655924: Received PINGREQ from auto-38DD6556-DAE9-CC8D-C32E-C9A02A5C9445
1749655924: Sending PINGRESP to auto-38DD6556-DAE9-CC8D-C32E-C9A02A5C9445
1749655984: Received PINGREQ from auto-38DD6556-DAE9-CC8D-C32E-C9A02A5C9445
1749655984: Sending PINGRESP to auto-38DD6556-DAE9-CC8D-C32E-C9A02A5C9445
1749656045: Received PINGREQ from auto-38DD6556-DAE9-CC8D-C32E-C9A02A5C9445
1749656045: Sending PINGRESP to auto-38DD6556-DAE9-CC8D-C32E-C9A02A5C9445
1749656104: Received PINGREQ from auto-38DD6556-DAE9-CC8D-C32E-C9A02A5C9445
1749656104: Sending PINGRESP to auto-38DD6556-DAE9-CC8D-C32E-C9A02A5C9445
1749656165: Received PINGREQ from auto-38DD6556-DAE9-CC8D-C32E-C9A02A5C9445
1749656165: Sending PINGRESP to auto-38DD6556-DAE9-CC8D-C32E-C9A02A5C9445
1749656224: Received PINGREQ from auto-38DD6556-DAE9-CC8D-C32E-C9A02A5C9445
1749656224: Sending PINGRESP to auto-38DD6556-DAE9-CC8D-C32E-C9A02A5C9445
1749656284: Received PINGREQ from auto-38DD6556-DAE9-CC8D-C32E-C9A02A5C9445
1749656284: Sending PINGRESP to auto-38DD6556-DAE9-CC8D-C32E-C9A02A5C9445
1749656344: Received PINGREQ from auto-38DD6556-DAE9-CC8D-C32E-C9A02A5C9445
1749656344: Sending PINGRESP to auto-38DD6556-DAE9-CC8D-C32E-C9A02A5C9445
1749656404: Received PINGREQ from auto-38DD6556-DAE9-CC8D-C32E-C9A02A5C9445
1749656404: Sending PINGRESP to auto-38DD6556-DAE9-CC8D-C32E-C9A02A5C9445
1749656465: Received PINGREQ from auto-38DD6556-DAE9-CC8D-C32E-C9A02A5C9445
1749656465: Sending PINGRESP to auto-38DD6556-DAE9-CC8D-C32E-C9A02A5C9445
1749656524: Received PINGREQ from auto-38DD6556-DAE9-CC8D-C32E-C9A02A5C9445
1749656524: Sending PINGRESP to auto-38DD6556-DAE9-CC8D-C32E-C9A02A5C9445
1749656584: Received PINGREQ from auto-38DD6556-DAE9-CC8D-C32E-C9A02A5C9445
1749656584: Sending PINGRESP to auto-38DD6556-DAE9-CC8D-C32E-C9A02A5C9445
1749656644: Received PINGREQ from auto-38DD6556-DAE9-CC8D-C32E-C9A02A5C9445
1749656644: Sending PINGRESP to auto-38DD6556-DAE9-CC8D-C32E-C9A02A5C9445
1749656704: Received PINGREQ from auto-38DD6556-DAE9-CC8D-C32E-C9A02A5C9445
1749656704: Sending PINGRESP to auto-38DD6556-DAE9-CC8D-C32E-C9A02A5C9445
1749656765: Received PINGREQ from auto-38DD6556-DAE9-CC8D-C32E-C9A02A5C9445
1749656765: Sending PINGRESP to auto-38DD6556-DAE9-CC8D-C32E-C9A02A5C9445
1749656824: Received PINGREQ from auto-38DD6556-DAE9-CC8D-C32E-C9A02A5C9445
1749656824: Sending PINGRESP to auto-38DD6556-DAE9-CC8D-C32E-C9A02A5C9445
1749656885: Received PINGREQ from auto-38DD6556-DAE9-CC8D-C32E-C9A02A5C9445
1749656885: Sending PINGRESP to auto-38DD6556-DAE9-CC8D-C32E-C9A02A5C9445
1749656944: Received PINGREQ from auto-38DD6556-DAE9-CC8D-C32E-C9A02A5C9445
1749656944: Sending PINGRESP to auto-38DD6556-DAE9-CC8D-C32E-C9A02A5C9445
1749657004: Received PINGREQ from auto-38DD6556-DAE9-CC8D-C32E-C9A02A5C9445
1749657004: Sending PINGRESP to auto-38DD6556-DAE9-CC8D-C32E-C9A02A5C9445
1749657065: Received PINGREQ from auto-38DD6556-DAE9-CC8D-C32E-C9A02A5C9445
1749657065: Sending PINGRESP to auto-38DD6556-DAE9-CC8D-C32E-C9A02A5C9445
1749657124: Received PINGREQ from auto-38DD6556-DAE9-CC8D-C32E-C9A02A5C9445
1749657124: Sending PINGRESP to auto-38DD6556-DAE9-CC8D-C32E-C9A02A5C9445
1749657185: Received PINGREQ from auto-38DD6556-DAE9-CC8D-C32E-C9A02A5C9445
1749657185: Sending PINGRESP to auto-38DD6556-DAE9-CC8D-C32E-C9A02A5C9445
1749657244: Received PINGREQ from auto-38DD6556-DAE9-CC8D-C32E-C9A02A5C9445
1749657244: Sending PINGRESP to auto-38DD6556-DAE9-CC8D-C32E-C9A02A5C9445
1749657304: Received PINGREQ from auto-38DD6556-DAE9-CC8D-C32E-C9A02A5C9445
1749657304: Sending PINGRESP to auto-38DD6556-DAE9-CC8D-C32E-C9A02A5C9445
1749657365: Received PINGREQ from auto-38DD6556-DAE9-CC8D-C32E-C9A02A5C9445
1749657365: Sending PINGRESP to auto-38DD6556-DAE9-CC8D-C32E-C9A02A5C9445
1749657424: Received PINGREQ from auto-38DD6556-DAE9-CC8D-C32E-C9A02A5C9445
1749657424: Sending PINGRESP to auto-38DD6556-DAE9-CC8D-C32E-C9A02A5C9445
1749657485: Received PINGREQ from auto-38DD6556-DAE9-CC8D-C32E-C9A02A5C9445
1749657485: Sending PINGRESP to auto-38DD6556-DAE9-CC8D-C32E-C9A02A5C9445
1749657544: Received PINGREQ from auto-38DD6556-DAE9-CC8D-C32E-C9A02A5C9445
1749657544: Sending PINGRESP to auto-38DD6556-DAE9-CC8D-C32E-C9A02A5C9445
1749657604: Received PINGREQ from auto-38DD6556-DAE9-CC8D-C32E-C9A02A5C9445
1749657604: Sending PINGRESP to auto-38DD6556-DAE9-CC8D-C32E-C9A02A5C9445
1749657665: Received PINGREQ from auto-38DD6556-DAE9-CC8D-C32E-C9A02A5C9445
1749657665: Sending PINGRESP to auto-38DD6556-DAE9-CC8D-C32E-C9A02A5C9445
1749657724: Received PINGREQ from auto-38DD6556-DAE9-CC8D-C32E-C9A02A5C9445
1749657724: Sending PINGRESP to auto-38DD6556-DAE9-CC8D-C32E-C9A02A5C9445
1749657785: Received PINGREQ from auto-38DD6556-DAE9-CC8D-C32E-C9A02A5C9445
1749657785: Sending PINGRESP to auto-38DD6556-DAE9-CC8D-C32E-C9A02A5C9445
1749657844: Received PINGREQ from auto-38DD6556-DAE9-CC8D-C32E-C9A02A5C9445
1749657844: Sending PINGRESP to auto-38DD6556-DAE9-CC8D-C32E-C9A02A5C9445
1749657904: Received PINGREQ from auto-38DD6556-DAE9-CC8D-C32E-C9A02A5C9445
1749657904: Sending PINGRESP to auto-38DD6556-DAE9-CC8D-C32E-C9A02A5C9445
1749657965: Received PINGREQ from auto-38DD6556-DAE9-CC8D-C32E-C9A02A5C9445
1749657965: Sending PINGRESP to auto-38DD6556-DAE9-CC8D-C32E-C9A02A5C9445
1749658024: Received PINGREQ from auto-38DD6556-DAE9-CC8D-C32E-C9A02A5C9445
1749658024: Sending PINGRESP to auto-38DD6556-DAE9-CC8D-C32E-C9A02A5C9445
1749658085: Received PINGREQ from auto-38DD6556-DAE9-CC8D-C32E-C9A02A5C9445
1749658085: Sending PINGRESP to auto-38DD6556-DAE9-CC8D-C32E-C9A02A5C9445
1749658144: Received PINGREQ from auto-38DD6556-DAE9-CC8D-C32E-C9A02A5C9445
1749658144: Sending PINGRESP to auto-38DD6556-DAE9-CC8D-C32E-C9A02A5C9445
1749658204: Received PINGREQ from auto-38DD6556-DAE9-CC8D-C32E-C9A02A5C9445
1749658204: Sending PINGRESP to auto-38DD6556-DAE9-CC8D-C32E-C9A02A5C9445
1749658265: Received PINGREQ from auto-38DD6556-DAE9-CC8D-C32E-C9A02A5C9445
1749658265: Sending PINGRESP to auto-38DD6556-DAE9-CC8D-C32E-C9A02A5C9445
1749658324: Received PINGREQ from auto-38DD6556-DAE9-CC8D-C32E-C9A02A5C9445
1749658324: Sending PINGRESP to auto-38DD6556-DAE9-CC8D-C32E-C9A02A5C9445
1749658385: Received PINGREQ from auto-38DD6556-DAE9-CC8D-C32E-C9A02A5C9445
1749658385: Sending PINGRESP to auto-38DD6556-DAE9-CC8D-C32E-C9A02A5C9445
1749658445: Received PINGREQ from auto-38DD6556-DAE9-CC8D-C32E-C9A02A5C9445
1749658445: Sending PINGRESP to auto-38DD6556-DAE9-CC8D-C32E-C9A02A5C9445
1749658505: Received PINGREQ from auto-38DD6556-DAE9-CC8D-C32E-C9A02A5C9445
1749658505: Sending PINGRESP to auto-38DD6556-DAE9-CC8D-C32E-C9A02A5C9445
1749658566: Received PINGREQ from auto-38DD6556-DAE9-CC8D-C32E-C9A02A5C9445
1749658566: Sending PINGRESP to auto-38DD6556-DAE9-CC8D-C32E-C9A02A5C9445
1749658625: Received PINGREQ from auto-38DD6556-DAE9-CC8D-C32E-C9A02A5C9445
1749658625: Sending PINGRESP to auto-38DD6556-DAE9-CC8D-C32E-C9A02A5C9445
1749658685: Received PINGREQ from auto-38DD6556-DAE9-CC8D-C32E-C9A02A5C9445
1749658685: Sending PINGRESP to auto-38DD6556-DAE9-CC8D-C32E-C9A02A5C9445
1749658745: Received PINGREQ from auto-38DD6556-DAE9-CC8D-C32E-C9A02A5C9445
1749658745: Sending PINGRESP to auto-38DD6556-DAE9-CC8D-C32E-C9A02A5C9445
1749658805: Received PINGREQ from auto-38DD6556-DAE9-CC8D-C32E-C9A02A5C9445
1749658805: Sending PINGRESP to auto-38DD6556-DAE9-CC8D-C32E-C9A02A5C9445
1749658866: Received PINGREQ from auto-38DD6556-DAE9-CC8D-C32E-C9A02A5C9445
1749658866: Sending PINGRESP to auto-38DD6556-DAE9-CC8D-C32E-C9A02A5C9445
1749658925: Received PINGREQ from auto-38DD6556-DAE9-CC8D-C32E-C9A02A5C9445
1749658925: Sending PINGRESP to auto-38DD6556-DAE9-CC8D-C32E-C9A02A5C9445
1749658985: Received PINGREQ from auto-38DD6556-DAE9-CC8D-C32E-C9A02A5C9445
1749658985: Sending PINGRESP to auto-38DD6556-DAE9-CC8D-C32E-C9A02A5C9445
1749659045: Received PINGREQ from auto-38DD6556-DAE9-CC8D-C32E-C9A02A5C9445
1749659045: Sending PINGRESP to auto-38DD6556-DAE9-CC8D-C32E-C9A02A5C9445
1749659105: Received PINGREQ from auto-38DD6556-DAE9-CC8D-C32E-C9A02A5C9445
1749659105: Sending PINGRESP to auto-38DD6556-DAE9-CC8D-C32E-C9A02A5C9445
1749659166: Received PINGREQ from auto-38DD6556-DAE9-CC8D-C32E-C9A02A5C9445
1749659166: Sending PINGRESP to auto-38DD6556-DAE9-CC8D-C32E-C9A02A5C9445
1749659225: Received PINGREQ from auto-38DD6556-DAE9-CC8D-C32E-C9A02A5C9445
1749659225: Sending PINGRESP to auto-38DD6556-DAE9-CC8D-C32E-C9A02A5C9445
1749659285: Received PINGREQ from auto-38DD6556-DAE9-CC8D-C32E-C9A02A5C9445
1749659285: Sending PINGRESP to auto-38DD6556-DAE9-CC8D-C32E-C9A02A5C9445
1749659345: Received PINGREQ from auto-38DD6556-DAE9-CC8D-C32E-C9A02A5C9445
1749659345: Sending PINGRESP to auto-38DD6556-DAE9-CC8D-C32E-C9A02A5C9445
1749659405: Received PINGREQ from auto-38DD6556-DAE9-CC8D-C32E-C9A02A5C9445
1749659405: Sending PINGRESP to auto-38DD6556-DAE9-CC8D-C32E-C9A02A5C9445
1749659466: Received PINGREQ from auto-38DD6556-DAE9-CC8D-C32E-C9A02A5C9445
1749659466: Sending PINGRESP to auto-38DD6556-DAE9-CC8D-C32E-C9A02A5C9445
1749659525: Received PINGREQ from auto-38DD6556-DAE9-CC8D-C32E-C9A02A5C9445
1749659525: Sending PINGRESP to auto-38DD6556-DAE9-CC8D-C32E-C9A02A5C9445
1749659585: Received PINGREQ from auto-38DD6556-DAE9-CC8D-C32E-C9A02A5C9445
1749659585: Sending PINGRESP to auto-38DD6556-DAE9-CC8D-C32E-C9A02A5C9445
1749659645: Received PINGREQ from auto-38DD6556-DAE9-CC8D-C32E-C9A02A5C9445
1749659645: Sending PINGRESP to auto-38DD6556-DAE9-CC8D-C32E-C9A02A5C9445
1749659705: Received PINGREQ from auto-38DD6556-DAE9-CC8D-C32E-C9A02A5C9445
1749659705: Sending PINGRESP to auto-38DD6556-DAE9-CC8D-C32E-C9A02A5C9445
1749659766: Received PINGREQ from auto-38DD6556-DAE9-CC8D-C32E-C9A02A5C9445
1749659766: Sending PINGRESP to auto-38DD6556-DAE9-CC8D-C32E-C9A02A5C9445
1749659825: Received PINGREQ from auto-38DD6556-DAE9-CC8D-C32E-C9A02A5C9445
1749659825: Sending PINGRESP to auto-38DD6556-DAE9-CC8D-C32E-C9A02A5C9445
1749659885: Received PINGREQ from auto-38DD6556-DAE9-CC8D-C32E-C9A02A5C9445
1749659885: Sending PINGRESP to auto-38DD6556-DAE9-CC8D-C32E-C9A02A5C9445
1749659946: Received PINGREQ from auto-38DD6556-DAE9-CC8D-C32E-C9A02A5C9445
1749659946: Sending PINGRESP to auto-38DD6556-DAE9-CC8D-C32E-C9A02A5C9445
1749660005: Received PINGREQ from auto-38DD6556-DAE9-CC8D-C32E-C9A02A5C9445
1749660005: Sending PINGRESP to auto-38DD6556-DAE9-CC8D-C32E-C9A02A5C9445
1749660066: Received PINGREQ from auto-38DD6556-DAE9-CC8D-C32E-C9A02A5C9445
1749660066: Sending PINGRESP to auto-38DD6556-DAE9-CC8D-C32E-C9A02A5C9445
1749660125: Received PINGREQ from auto-38DD6556-DAE9-CC8D-C32E-C9A02A5C9445
1749660125: Sending PINGRESP to auto-38DD6556-DAE9-CC8D-C32E-C9A02A5C9445
1749660185: Received PINGREQ from auto-38DD6556-DAE9-CC8D-C32E-C9A02A5C9445
1749660185: Sending PINGRESP to auto-38DD6556-DAE9-CC8D-C32E-C9A02A5C9445
1749660246: Received PINGREQ from auto-38DD6556-DAE9-CC8D-C32E-C9A02A5C9445
1749660246: Sending PINGRESP to auto-38DD6556-DAE9-CC8D-C32E-C9A02A5C9445
1749660305: Received PINGREQ from auto-38DD6556-DAE9-CC8D-C32E-C9A02A5C9445
1749660305: Sending PINGRESP to auto-38DD6556-DAE9-CC8D-C32E-C9A02A5C9445
1749660365: Received PINGREQ from auto-38DD6556-DAE9-CC8D-C32E-C9A02A5C9445
1749660365: Sending PINGRESP to auto-38DD6556-DAE9-CC8D-C32E-C9A02A5C9445
1749660425: Received PINGREQ from auto-38DD6556-DAE9-CC8D-C32E-C9A02A5C9445
1749660425: Sending PINGRESP to auto-38DD6556-DAE9-CC8D-C32E-C9A02A5C9445
1749660485: Received PINGREQ from auto-38DD6556-DAE9-CC8D-C32E-C9A02A5C9445
1749660485: Sending PINGRESP to auto-38DD6556-DAE9-CC8D-C32E-C9A02A5C9445
1749660546: Received PINGREQ from auto-38DD6556-DAE9-CC8D-C32E-C9A02A5C9445
1749660546: Sending PINGRESP to auto-38DD6556-DAE9-CC8D-C32E-C9A02A5C9445
1749660605: Received PINGREQ from auto-38DD6556-DAE9-CC8D-C32E-C9A02A5C9445
1749660605: Sending PINGRESP to auto-38DD6556-DAE9-CC8D-C32E-C9A02A5C9445
1749660666: Received PINGREQ from auto-38DD6556-DAE9-CC8D-C32E-C9A02A5C9445
1749660666: Sending PINGRESP to auto-38DD6556-DAE9-CC8D-C32E-C9A02A5C9445
1749660725: Received PINGREQ from auto-38DD6556-DAE9-CC8D-C32E-C9A02A5C9445
1749660725: Sending PINGRESP to auto-38DD6556-DAE9-CC8D-C32E-C9A02A5C9445
1749660786: Received PINGREQ from auto-38DD6556-DAE9-CC8D-C32E-C9A02A5C9445
1749660786: Sending PINGRESP to auto-38DD6556-DAE9-CC8D-C32E-C9A02A5C9445
1749660845: Received PINGREQ from auto-38DD6556-DAE9-CC8D-C32E-C9A02A5C9445
1749660845: Sending PINGRESP to auto-38DD6556-DAE9-CC8D-C32E-C9A02A5C9445
1749660906: Received PINGREQ from auto-38DD6556-DAE9-CC8D-C32E-C9A02A5C9445
1749660906: Sending PINGRESP to auto-38DD6556-DAE9-CC8D-C32E-C9A02A5C9445
1749660965: Received PINGREQ from auto-38DD6556-DAE9-CC8D-C32E-C9A02A5C9445
1749660965: Sending PINGRESP to auto-38DD6556-DAE9-CC8D-C32E-C9A02A5C9445
1749661025: Received PINGREQ from auto-38DD6556-DAE9-CC8D-C32E-C9A02A5C9445
1749661025: Sending PINGRESP to auto-38DD6556-DAE9-CC8D-C32E-C9A02A5C9445
1749661085: Received PINGREQ from auto-38DD6556-DAE9-CC8D-C32E-C9A02A5C9445
1749661085: Sending PINGRESP to auto-38DD6556-DAE9-CC8D-C32E-C9A02A5C9445
1749661145: Received PINGREQ from auto-38DD6556-DAE9-CC8D-C32E-C9A02A5C9445
1749661145: Sending PINGRESP to auto-38DD6556-DAE9-CC8D-C32E-C9A02A5C9445
1749661205: Received PINGREQ from auto-38DD6556-DAE9-CC8D-C32E-C9A02A5C9445
1749661205: Sending PINGRESP to auto-38DD6556-DAE9-CC8D-C32E-C9A02A5C9445
1749661265: Received PINGREQ from auto-38DD6556-DAE9-CC8D-C32E-C9A02A5C9445
1749661265: Sending PINGRESP to auto-38DD6556-DAE9-CC8D-C32E-C9A02A5C9445
1749661326: Received PINGREQ from auto-38DD6556-DAE9-CC8D-C32E-C9A02A5C9445
1749661326: Sending PINGRESP to auto-38DD6556-DAE9-CC8D-C32E-C9A02A5C9445
1749661385: Received PINGREQ from auto-38DD6556-DAE9-CC8D-C32E-C9A02A5C9445
1749661385: Sending PINGRESP to auto-38DD6556-DAE9-CC8D-C32E-C9A02A5C9445
1749661446: Received PINGREQ from auto-38DD6556-DAE9-CC8D-C32E-C9A02A5C9445
1749661446: Sending PINGRESP to auto-38DD6556-DAE9-CC8D-C32E-C9A02A5C9445
1749661505: Received PINGREQ from auto-38DD6556-DAE9-CC8D-C32E-C9A02A5C9445
1749661505: Sending PINGRESP to auto-38DD6556-DAE9-CC8D-C32E-C9A02A5C9445
1749661566: Received PINGREQ from auto-38DD6556-DAE9-CC8D-C32E-C9A02A5C9445
1749661566: Sending PINGRESP to auto-38DD6556-DAE9-CC8D-C32E-C9A02A5C9445
1749661625: Received PINGREQ from auto-38DD6556-DAE9-CC8D-C32E-C9A02A5C9445
1749661625: Sending PINGRESP to auto-38DD6556-DAE9-CC8D-C32E-C9A02A5C9445
1749661685: Received PINGREQ from auto-38DD6556-DAE9-CC8D-C32E-C9A02A5C9445
1749661685: Sending PINGRESP to auto-38DD6556-DAE9-CC8D-C32E-C9A02A5C9445
1749661745: Received PINGREQ from auto-38DD6556-DAE9-CC8D-C32E-C9A02A5C9445
1749661745: Sending PINGRESP to auto-38DD6556-DAE9-CC8D-C32E-C9A02A5C9445
1749661806: Received PINGREQ from auto-38DD6556-DAE9-CC8D-C32E-C9A02A5C9445
1749661806: Sending PINGRESP to auto-38DD6556-DAE9-CC8D-C32E-C9A02A5C9445
1749661865: Received PINGREQ from auto-38DD6556-DAE9-CC8D-C32E-C9A02A5C9445
1749661865: Sending PINGRESP to auto-38DD6556-DAE9-CC8D-C32E-C9A02A5C9445
1749661926: Received PINGREQ from auto-38DD6556-DAE9-CC8D-C32E-C9A02A5C9445
1749661926: Sending PINGRESP to auto-38DD6556-DAE9-CC8D-C32E-C9A02A5C9445
1749661985: Received PINGREQ from auto-38DD6556-DAE9-CC8D-C32E-C9A02A5C9445
1749661985: Sending PINGRESP to auto-38DD6556-DAE9-CC8D-C32E-C9A02A5C9445
1749662046: Received PINGREQ from auto-38DD6556-DAE9-CC8D-C32E-C9A02A5C9445
1749662046: Sending PINGRESP to auto-38DD6556-DAE9-CC8D-C32E-C9A02A5C9445
1749662105: Received PINGREQ from auto-38DD6556-DAE9-CC8D-C32E-C9A02A5C9445
1749662105: Sending PINGRESP to auto-38DD6556-DAE9-CC8D-C32E-C9A02A5C9445
1749662165: Received PINGREQ from auto-38DD6556-DAE9-CC8D-C32E-C9A02A5C9445
1749662165: Sending PINGRESP to auto-38DD6556-DAE9-CC8D-C32E-C9A02A5C9445
1749662225: Received PINGREQ from auto-38DD6556-DAE9-CC8D-C32E-C9A02A5C9445
1749662225: Sending PINGRESP to auto-38DD6556-DAE9-CC8D-C32E-C9A02A5C9445
1749662285: Received PINGREQ from auto-38DD6556-DAE9-CC8D-C32E-C9A02A5C9445
1749662285: Sending PINGRESP to auto-38DD6556-DAE9-CC8D-C32E-C9A02A5C9445
1749662345: Received PINGREQ from auto-38DD6556-DAE9-CC8D-C32E-C9A02A5C9445
1749662345: Sending PINGRESP to auto-38DD6556-DAE9-CC8D-C32E-C9A02A5C9445
1749662406: Received PINGREQ from auto-38DD6556-DAE9-CC8D-C32E-C9A02A5C9445
1749662406: Sending PINGRESP to auto-38DD6556-DAE9-CC8D-C32E-C9A02A5C9445
1749662465: Received PINGREQ from auto-38DD6556-DAE9-CC8D-C32E-C9A02A5C9445
1749662465: Sending PINGRESP to auto-38DD6556-DAE9-CC8D-C32E-C9A02A5C9445
1749662526: Received PINGREQ from auto-38DD6556-DAE9-CC8D-C32E-C9A02A5C9445
1749662526: Sending PINGRESP to auto-38DD6556-DAE9-CC8D-C32E-C9A02A5C9445
1749662585: Received PINGREQ from auto-38DD6556-DAE9-CC8D-C32E-C9A02A5C9445
1749662585: Sending PINGRESP to auto-38DD6556-DAE9-CC8D-C32E-C9A02A5C9445
1749662646: Received PINGREQ from auto-38DD6556-DAE9-CC8D-C32E-C9A02A5C9445
1749662646: Sending PINGRESP to auto-38DD6556-DAE9-CC8D-C32E-C9A02A5C9445
1749662705: Received PINGREQ from auto-38DD6556-DAE9-CC8D-C32E-C9A02A5C9445
1749662705: Sending PINGRESP to auto-38DD6556-DAE9-CC8D-C32E-C9A02A5C9445
1749662766: Received PINGREQ from auto-38DD6556-DAE9-CC8D-C32E-C9A02A5C9445
1749662766: Sending PINGRESP to auto-38DD6556-DAE9-CC8D-C32E-C9A02A5C9445
1749662825: Received PINGREQ from auto-38DD6556-DAE9-CC8D-C32E-C9A02A5C9445
1749662825: Sending PINGRESP to auto-38DD6556-DAE9-CC8D-C32E-C9A02A5C9445
1749662885: Received PINGREQ from auto-38DD6556-DAE9-CC8D-C32E-C9A02A5C9445
1749662885: Sending PINGRESP to auto-38DD6556-DAE9-CC8D-C32E-C9A02A5C9445
1749662946: Received PINGREQ from auto-38DD6556-DAE9-CC8D-C32E-C9A02A5C9445
1749662946: Sending PINGRESP to auto-38DD6556-DAE9-CC8D-C32E-C9A02A5C9445
1749663005: Received PINGREQ from auto-38DD6556-DAE9-CC8D-C32E-C9A02A5C9445
1749663005: Sending PINGRESP to auto-38DD6556-DAE9-CC8D-C32E-C9A02A5C9445
1749663015: New connection from 10.147.20.235:63855 on port 1883.
1749663015: New client connected from 10.147.20.235:63855 as auto-DD36369D-A970-352A-0F74-9253B76E4618 (p2, c1, k60).
1749663015: No will message specified.
1749663015: Sending CONNACK to auto-DD36369D-A970-352A-0F74-9253B76E4618 (0, 0)
1749663015: Received PUBLISH from auto-DD36369D-A970-352A-0F74-9253B76E4618 (d0, q0, r0, m0, 'test/topic', ... (18 bytes))
1749663015: Sending PUBLISH to auto-38DD6556-DAE9-CC8D-C32E-C9A02A5C9445 (d0, q0, r0, m0, 'test/topic', ... (18 bytes))
1749663015: Received DISCONNECT from auto-DD36369D-A970-352A-0F74-9253B76E4618
1749663015: Client auto-DD36369D-A970-352A-0F74-9253B76E4618 disconnected.
1749663065: Received PINGREQ from auto-38DD6556-DAE9-CC8D-C32E-C9A02A5C9445
1749663065: Sending PINGRESP to auto-38DD6556-DAE9-CC8D-C32E-C9A02A5C9445
1749663126: Received PINGREQ from auto-38DD6556-DAE9-CC8D-C32E-C9A02A5C9445
1749663126: Sending PINGRESP to auto-38DD6556-DAE9-CC8D-C32E-C9A02A5C9445
